<?xml version="1.0" encoding="UTF-8"?>
<!-- Generated by org.testng.reporters.JUnitXMLReporter -->
<testsuite ignored="1" hostname="MADEM" failures="1" tests="1" name="Default test(failed)" time="32.679" errors="0" timestamp="2022-12-17T08:21:41 IST">
  <testcase classname="com.automationtesting.testngsession.OrangHrmTest" name="RegisterEmployee" time="8.844">
    <failure type="java.lang.AssertionError" message="Unable to add employee Test Failed expected [false] but found [true]">
      <![CDATA[java.lang.AssertionError: Unable to add employee Test Failed expected [false] but found [true]
at com.automationtesting.testngsession.OrangHrmTest.RegisterEmployee(OrangHrmTest.java:96)
at java.base/java.util.ArrayList.forEach(ArrayList.java:1511)
... Removed 30 stack frames]]>
    </failure>
  </testcase> <!-- RegisterEmployee -->
  <testcase classname="com.automationtesting.testngsession.OrangHrmTest" name="addEmployee_Page" time="0.0">
    <ignored/>
  </testcase> <!-- addEmployee_Page -->
</testsuite> <!-- Default test(failed) -->
